[2017-08-25 05:32:11] main.DEBUG: cache_invalidate:  {"method":"GET","url":"http://bharath4u.com/","invalidateInfo":{"tags":["interception","CONFIG"],"mode":"matchingTag"},"is_exception":false} []
[2017-08-25 05:38:05] main.DEBUG: cache_invalidate:  {"method":"POST","url":"http://bharath4u.com/admin_189y4h/admin/index/index/key/abc83526ea7498b2104fccff9789b3e327da3ea02352a1450e3db884084168ad/","invalidateInfo":{"tags":["BACKEND_MAINMENU"],"mode":"matchingAnyTag"},"is_exception":false} []
[2017-08-25 05:39:40] main.DEBUG: cache_invalidate:  {"method":"POST","url":"http://bharath4u.com/admin_189y4h/cms/block/save/key/dc46a7793bebde2996f061b55cea9830c3983d8cfea40764cccb3a19556e8001/back/edit","invalidateInfo":{"tags":["cms_block"],"mode":"matchingAnyTag"},"is_exception":false} []
[2017-08-25 05:39:40] main.DEBUG: cache_invalidate:  {"method":"POST","url":"http://bharath4u.com/admin_189y4h/cms/block/save/key/dc46a7793bebde2996f061b55cea9830c3983d8cfea40764cccb3a19556e8001/back/edit","invalidateInfo":{"tags":["cms_block_6","FPC"],"mode":"matchingTag"},"is_exception":false} []
[2017-08-25 05:39:40] main.DEBUG: cache_invalidate:  {"method":"POST","url":"http://bharath4u.com/admin_189y4h/cms/block/save/key/dc46a7793bebde2996f061b55cea9830c3983d8cfea40764cccb3a19556e8001/back/edit","invalidateInfo":{"tags":["cms_block_home_brands","FPC"],"mode":"matchingTag"},"is_exception":false} []
[2017-08-25 05:39:40] main.DEBUG: cache_invalidate:  {"method":"POST","url":"http://bharath4u.com/admin_189y4h/cms/block/save/key/dc46a7793bebde2996f061b55cea9830c3983d8cfea40764cccb3a19556e8001/back/edit","invalidateInfo":{"tags":["cms_block_6","FPC"],"mode":"matchingTag"},"is_exception":false} []
[2017-08-25 05:39:40] main.DEBUG: cache_invalidate:  {"method":"POST","url":"http://bharath4u.com/admin_189y4h/cms/block/save/key/dc46a7793bebde2996f061b55cea9830c3983d8cfea40764cccb3a19556e8001/back/edit","invalidateInfo":{"tags":["cms_block_home_brands","FPC"],"mode":"matchingTag"},"is_exception":false} []
[2017-08-25 05:40:01] main.DEBUG: cache_invalidate:  {"method":"GET","url":"http://bharath4u.com/admin_189y4h/admin/cache/flushSystem/key/e5dd3326d242c5b108d980e6e30f92a1c4684a903ba5c51bb9bef9b07eb5276d/","invalidateInfo":{"tags":[],"mode":"all"},"is_exception":false} []
[2017-08-25 05:40:01] main.DEBUG: cache_invalidate:  {"method":"GET","url":"http://bharath4u.com/admin_189y4h/admin/cache/flushSystem/key/e5dd3326d242c5b108d980e6e30f92a1c4684a903ba5c51bb9bef9b07eb5276d/","invalidateInfo":{"tags":[],"mode":"all"},"is_exception":false} []
[2017-08-25 05:40:01] main.DEBUG: cache_invalidate:  {"method":"GET","url":"http://bharath4u.com/admin_189y4h/admin/cache/flushSystem/key/e5dd3326d242c5b108d980e6e30f92a1c4684a903ba5c51bb9bef9b07eb5276d/","invalidateInfo":{"tags":["FPC"],"mode":"matchingTag"},"is_exception":false} []
[2017-08-25 05:40:02] main.DEBUG: cache_invalidate:  {"method":"GET","url":"http://bharath4u.com/admin_189y4h/admin/cache/index/key/8987b97888ad697b061a071364b0f83a85d34c4eb78ad962a99ac3f9b5fe3d2f/","invalidateInfo":{"tags":["interception","CONFIG"],"mode":"matchingTag"},"is_exception":false} []
[2017-08-25 05:40:32] main.DEBUG: cache_invalidate:  {"method":"POST","url":"http://bharath4u.com/admin_189y4h/cms/page/save/key/296a27c5fcb948b40ba7c86725b214e64b3a66c086ec0acba79f543624efbe3a/back/edit","invalidateInfo":{"tags":["cms_page"],"mode":"matchingAnyTag"},"is_exception":false} []
[2017-08-25 05:40:32] main.DEBUG: cache_invalidate:  {"method":"POST","url":"http://bharath4u.com/admin_189y4h/cms/page/save/key/296a27c5fcb948b40ba7c86725b214e64b3a66c086ec0acba79f543624efbe3a/back/edit","invalidateInfo":{"tags":["cms_page_2","FPC"],"mode":"matchingTag"},"is_exception":false} []
[2017-08-25 05:40:32] main.DEBUG: cache_invalidate:  {"method":"POST","url":"http://bharath4u.com/admin_189y4h/cms/page/save/key/296a27c5fcb948b40ba7c86725b214e64b3a66c086ec0acba79f543624efbe3a/back/edit","invalidateInfo":{"tags":["cms_page_2","FPC"],"mode":"matchingTag"},"is_exception":false} []
[2017-08-25 05:40:32] main.DEBUG: cache_invalidate:  {"method":"POST","url":"http://bharath4u.com/admin_189y4h/cms/page/save/key/296a27c5fcb948b40ba7c86725b214e64b3a66c086ec0acba79f543624efbe3a/back/edit","invalidateInfo":{"tags":["cms_page_2"],"mode":"matchingTag"},"is_exception":false} []
[2017-08-25 05:40:32] main.DEBUG: cache_invalidate:  {"method":"POST","url":"http://bharath4u.com/admin_189y4h/cms/page/save/key/296a27c5fcb948b40ba7c86725b214e64b3a66c086ec0acba79f543624efbe3a/back/edit","invalidateInfo":{"tags":["cms_page_2"],"mode":"matchingTag"},"is_exception":false} []
[2017-08-25 05:40:56] main.DEBUG: cache_invalidate:  {"method":"POST","url":"http://bharath4u.com/admin_189y4h/cms/page/save/key/296a27c5fcb948b40ba7c86725b214e64b3a66c086ec0acba79f543624efbe3a/back/edit","invalidateInfo":{"tags":["cms_page"],"mode":"matchingAnyTag"},"is_exception":false} []
[2017-08-25 05:40:56] main.DEBUG: cache_invalidate:  {"method":"POST","url":"http://bharath4u.com/admin_189y4h/cms/page/save/key/296a27c5fcb948b40ba7c86725b214e64b3a66c086ec0acba79f543624efbe3a/back/edit","invalidateInfo":{"tags":["cms_page_2","FPC"],"mode":"matchingTag"},"is_exception":false} []
[2017-08-25 05:40:56] main.DEBUG: cache_invalidate:  {"method":"POST","url":"http://bharath4u.com/admin_189y4h/cms/page/save/key/296a27c5fcb948b40ba7c86725b214e64b3a66c086ec0acba79f543624efbe3a/back/edit","invalidateInfo":{"tags":["cms_page_2","FPC"],"mode":"matchingTag"},"is_exception":false} []
[2017-08-25 05:40:56] main.DEBUG: cache_invalidate:  {"method":"POST","url":"http://bharath4u.com/admin_189y4h/cms/page/save/key/296a27c5fcb948b40ba7c86725b214e64b3a66c086ec0acba79f543624efbe3a/back/edit","invalidateInfo":{"tags":["cms_page_2"],"mode":"matchingTag"},"is_exception":false} []
[2017-08-25 05:40:56] main.DEBUG: cache_invalidate:  {"method":"POST","url":"http://bharath4u.com/admin_189y4h/cms/page/save/key/296a27c5fcb948b40ba7c86725b214e64b3a66c086ec0acba79f543624efbe3a/back/edit","invalidateInfo":{"tags":["cms_page_2"],"mode":"matchingTag"},"is_exception":false} []
[2017-08-25 05:41:19] main.DEBUG: cache_invalidate:  {"method":"POST","url":"http://bharath4u.com/admin_189y4h/admin/index/index/key/207604fb47585f306b211125776c52a9c0edd6a1c3d941f0465eb8f495afff56/","invalidateInfo":{"tags":["BACKEND_MAINMENU"],"mode":"matchingAnyTag"},"is_exception":false} []
[2017-08-25 05:41:28] main.DEBUG: cache_invalidate:  {"method":"GET","url":"http://bharath4u.com/admin_189y4h/admin/cache/flushSystem/key/e8e7f4e96b4cf433ecd02bfffc783da9b1a72168d6bab25775da032e0bc752f0/","invalidateInfo":{"tags":[],"mode":"all"},"is_exception":false} []
[2017-08-25 05:41:28] main.DEBUG: cache_invalidate:  {"method":"GET","url":"http://bharath4u.com/admin_189y4h/admin/cache/flushSystem/key/e8e7f4e96b4cf433ecd02bfffc783da9b1a72168d6bab25775da032e0bc752f0/","invalidateInfo":{"tags":[],"mode":"all"},"is_exception":false} []
[2017-08-25 05:41:28] main.DEBUG: cache_invalidate:  {"method":"GET","url":"http://bharath4u.com/admin_189y4h/admin/cache/flushSystem/key/e8e7f4e96b4cf433ecd02bfffc783da9b1a72168d6bab25775da032e0bc752f0/","invalidateInfo":{"tags":["FPC"],"mode":"matchingTag"},"is_exception":false} []
[2017-08-25 05:41:29] main.DEBUG: cache_invalidate:  {"method":"GET","url":"http://bharath4u.com/admin_189y4h/admin/cache/index/key/f4b504514dbb47edf68dcdcc7b990116bf74ee965fd32093d92f534b551be2f7/","invalidateInfo":{"tags":["interception","CONFIG"],"mode":"matchingTag"},"is_exception":false} []
[2017-08-25 05:43:55] main.DEBUG: cache_invalidate:  {"method":"GET","url":"http:/","invalidateInfo":{"tags":["FPC"],"mode":"matchingTag"},"is_exception":false} []
[2017-08-25 05:43:55] main.DEBUG: cache_invalidate:  {"method":"GET","url":"http:/","invalidateInfo":{"tags":["CONFIG"],"mode":"matchingTag"},"is_exception":false} []
[2017-08-25 05:43:55] main.DEBUG: cache_invalidate:  {"method":"GET","url":"http:/","invalidateInfo":{"tags":["LAYOUT_GENERAL_CACHE_TAG"],"mode":"matchingTag"},"is_exception":false} []
[2017-08-25 05:43:55] main.DEBUG: cache_invalidate:  {"method":"GET","url":"http:/","invalidateInfo":{"tags":["BLOCK_HTML"],"mode":"matchingTag"},"is_exception":false} []
[2017-08-25 05:43:55] main.DEBUG: cache_invalidate:  {"method":"GET","url":"http:/","invalidateInfo":{"tags":["COLLECTION_DATA"],"mode":"matchingTag"},"is_exception":false} []
[2017-08-25 05:43:55] main.DEBUG: cache_invalidate:  {"method":"GET","url":"http:/","invalidateInfo":{"tags":["REFLECTION"],"mode":"matchingTag"},"is_exception":false} []
[2017-08-25 05:43:55] main.DEBUG: cache_invalidate:  {"method":"GET","url":"http:/","invalidateInfo":{"tags":["DB_DDL"],"mode":"matchingTag"},"is_exception":false} []
[2017-08-25 05:43:55] main.DEBUG: cache_invalidate:  {"method":"GET","url":"http:/","invalidateInfo":{"tags":["EAV"],"mode":"matchingTag"},"is_exception":false} []
[2017-08-25 05:43:55] main.DEBUG: cache_invalidate:  {"method":"GET","url":"http:/","invalidateInfo":{"tags":["CUSTOMER_NOTIFICATION"],"mode":"matchingTag"},"is_exception":false} []
[2017-08-25 05:43:55] main.DEBUG: cache_invalidate:  {"method":"GET","url":"http:/","invalidateInfo":{"tags":["FPC"],"mode":"matchingTag"},"is_exception":false} []
[2017-08-25 05:43:55] main.DEBUG: cache_invalidate:  {"method":"GET","url":"http:/","invalidateInfo":{"tags":["INTEGRATION"],"mode":"matchingTag"},"is_exception":false} []
[2017-08-25 05:43:55] main.DEBUG: cache_invalidate:  {"method":"GET","url":"http:/","invalidateInfo":{"tags":["INTEGRATION_API_CONFIG"],"mode":"matchingTag"},"is_exception":false} []
[2017-08-25 05:43:55] main.DEBUG: cache_invalidate:  {"method":"GET","url":"http:/","invalidateInfo":{"tags":["TRANSLATE"],"mode":"matchingTag"},"is_exception":false} []
[2017-08-25 05:43:55] main.DEBUG: cache_invalidate:  {"method":"GET","url":"http:/","invalidateInfo":{"tags":["WEBSERVICE"],"mode":"matchingTag"},"is_exception":false} []
[2017-08-25 05:44:10] main.DEBUG: cache_invalidate:  {"method":"GET","url":"http://bharath4u.com/","invalidateInfo":{"tags":["interception","CONFIG"],"mode":"matchingTag"},"is_exception":false} []
[2017-08-25 05:45:02] main.DEBUG: cache_invalidate:  {"method":"POST","url":"http://bharath4u.com/admin_189y4h/admin/index/index/key/abc83526ea7498b2104fccff9789b3e327da3ea02352a1450e3db884084168ad/","invalidateInfo":{"tags":["BACKEND_MAINMENU"],"mode":"matchingAnyTag"},"is_exception":false} []
[2017-08-29 13:37:43] main.DEBUG: cache_invalidate:  {"method":"POST","url":"http://bharath4u.com/admin_189y4h/admin/index/index/key/4e1dffdcb344c02a67b92ce83bf2c65f2e0859d995fe4e5fbaba58f8989621a9/","invalidateInfo":{"tags":["BACKEND_MAINMENU"],"mode":"matchingAnyTag"},"is_exception":false} []
[2017-08-29 13:38:40] main.DEBUG: cache_invalidate:  {"method":"POST","url":"http://bharath4u.com/admin_189y4h/theme/design_config/save/key/9cbdd05bc2ea333c8646ef45e31430d1b6c76f91031e3856c7bbd052e7ec8c15/","invalidateInfo":{"tags":["config_scopes","CONFIG"],"mode":"matchingTag"},"is_exception":false} []
[2017-08-29 13:38:40] main.DEBUG: cache_invalidate:  {"method":"POST","url":"http://bharath4u.com/admin_189y4h/theme/design_config/save/key/9cbdd05bc2ea333c8646ef45e31430d1b6c76f91031e3856c7bbd052e7ec8c15/","invalidateInfo":{"tags":["config_scopes","CONFIG"],"mode":"matchingTag"},"is_exception":false} []
[2017-08-29 13:38:40] main.DEBUG: cache_invalidate:  {"method":"POST","url":"http://bharath4u.com/admin_189y4h/theme/design_config/save/key/9cbdd05bc2ea333c8646ef45e31430d1b6c76f91031e3856c7bbd052e7ec8c15/","invalidateInfo":{"identifier":"DB_PDO_MYSQL_DDL_design_config_grid_flat_1"},"is_exception":false} []
[2017-08-29 13:38:40] main.DEBUG: cache_invalidate:  {"method":"POST","url":"http://bharath4u.com/admin_189y4h/theme/design_config/save/key/9cbdd05bc2ea333c8646ef45e31430d1b6c76f91031e3856c7bbd052e7ec8c15/","invalidateInfo":{"identifier":"DB_PDO_MYSQL_DDL_design_config_grid_flat_2"},"is_exception":false} []
[2017-08-29 13:38:40] main.DEBUG: cache_invalidate:  {"method":"POST","url":"http://bharath4u.com/admin_189y4h/theme/design_config/save/key/9cbdd05bc2ea333c8646ef45e31430d1b6c76f91031e3856c7bbd052e7ec8c15/","invalidateInfo":{"identifier":"DB_PDO_MYSQL_DDL_design_config_grid_flat_3"},"is_exception":false} []
[2017-08-29 13:38:40] main.DEBUG: cache_invalidate:  {"method":"POST","url":"http://bharath4u.com/admin_189y4h/theme/design_config/save/key/9cbdd05bc2ea333c8646ef45e31430d1b6c76f91031e3856c7bbd052e7ec8c15/","invalidateInfo":{"identifier":"DB_PDO_MYSQL_DDL_design_config_grid_flat_4"},"is_exception":false} []
[2017-08-29 13:38:41] main.DEBUG: cache_invalidate:  {"method":"POST","url":"http://bharath4u.com/admin_189y4h/theme/design_config/save/key/9cbdd05bc2ea333c8646ef45e31430d1b6c76f91031e3856c7bbd052e7ec8c15/","invalidateInfo":{"identifier":"DB_PDO_MYSQL_DDL_design_config_grid_flat_1"},"is_exception":false} []
[2017-08-29 13:38:41] main.DEBUG: cache_invalidate:  {"method":"POST","url":"http://bharath4u.com/admin_189y4h/theme/design_config/save/key/9cbdd05bc2ea333c8646ef45e31430d1b6c76f91031e3856c7bbd052e7ec8c15/","invalidateInfo":{"identifier":"DB_PDO_MYSQL_DDL_design_config_grid_flat_2"},"is_exception":false} []
[2017-08-29 13:38:41] main.DEBUG: cache_invalidate:  {"method":"POST","url":"http://bharath4u.com/admin_189y4h/theme/design_config/save/key/9cbdd05bc2ea333c8646ef45e31430d1b6c76f91031e3856c7bbd052e7ec8c15/","invalidateInfo":{"identifier":"DB_PDO_MYSQL_DDL_design_config_grid_flat_3"},"is_exception":false} []
[2017-08-29 13:38:41] main.DEBUG: cache_invalidate:  {"method":"POST","url":"http://bharath4u.com/admin_189y4h/theme/design_config/save/key/9cbdd05bc2ea333c8646ef45e31430d1b6c76f91031e3856c7bbd052e7ec8c15/","invalidateInfo":{"identifier":"DB_PDO_MYSQL_DDL_design_config_grid_flat_4"},"is_exception":false} []
[2017-08-29 13:38:46] main.DEBUG: cache_invalidate:  {"method":"GET","url":"http://bharath4u.com/admin_189y4h/admin/cache/flushSystem/key/270099af18421de7a0207e22fe7038c6cb55a723b40291a5d3b53221bf71a4af/","invalidateInfo":{"tags":[],"mode":"all"},"is_exception":false} []
[2017-08-29 13:38:46] main.DEBUG: cache_invalidate:  {"method":"GET","url":"http://bharath4u.com/admin_189y4h/admin/cache/flushSystem/key/270099af18421de7a0207e22fe7038c6cb55a723b40291a5d3b53221bf71a4af/","invalidateInfo":{"tags":[],"mode":"all"},"is_exception":false} []
[2017-08-29 13:38:46] main.DEBUG: cache_invalidate:  {"method":"GET","url":"http://bharath4u.com/admin_189y4h/admin/cache/flushSystem/key/270099af18421de7a0207e22fe7038c6cb55a723b40291a5d3b53221bf71a4af/","invalidateInfo":{"tags":["FPC"],"mode":"matchingTag"},"is_exception":false} []
[2017-08-29 13:38:46] main.DEBUG: cache_invalidate:  {"method":"GET","url":"http://bharath4u.com/admin_189y4h/admin/cache/index/key/f3fdabc4bb3b605169930d961e819a8c4558b95208286cef267303ba11927e11/","invalidateInfo":{"tags":["interception","CONFIG"],"mode":"matchingTag"},"is_exception":false} []
[2017-08-29 13:44:50] main.DEBUG: cache_invalidate:  {"method":"POST","url":"http://bharath4u.com/admin_189y4h/theme/design_config/save/key/9cbdd05bc2ea333c8646ef45e31430d1b6c76f91031e3856c7bbd052e7ec8c15/","invalidateInfo":{"tags":["config_scopes","CONFIG"],"mode":"matchingTag"},"is_exception":false} []
[2017-08-29 13:44:50] main.DEBUG: cache_invalidate:  {"method":"POST","url":"http://bharath4u.com/admin_189y4h/theme/design_config/save/key/9cbdd05bc2ea333c8646ef45e31430d1b6c76f91031e3856c7bbd052e7ec8c15/","invalidateInfo":{"tags":["config_scopes","CONFIG"],"mode":"matchingTag"},"is_exception":false} []
[2017-08-29 13:44:50] main.DEBUG: cache_invalidate:  {"method":"POST","url":"http://bharath4u.com/admin_189y4h/theme/design_config/save/key/9cbdd05bc2ea333c8646ef45e31430d1b6c76f91031e3856c7bbd052e7ec8c15/","invalidateInfo":{"identifier":"DB_PDO_MYSQL_DDL_design_config_grid_flat_1"},"is_exception":false} []
[2017-08-29 13:44:50] main.DEBUG: cache_invalidate:  {"method":"POST","url":"http://bharath4u.com/admin_189y4h/theme/design_config/save/key/9cbdd05bc2ea333c8646ef45e31430d1b6c76f91031e3856c7bbd052e7ec8c15/","invalidateInfo":{"identifier":"DB_PDO_MYSQL_DDL_design_config_grid_flat_2"},"is_exception":false} []
[2017-08-29 13:44:50] main.DEBUG: cache_invalidate:  {"method":"POST","url":"http://bharath4u.com/admin_189y4h/theme/design_config/save/key/9cbdd05bc2ea333c8646ef45e31430d1b6c76f91031e3856c7bbd052e7ec8c15/","invalidateInfo":{"identifier":"DB_PDO_MYSQL_DDL_design_config_grid_flat_3"},"is_exception":false} []
[2017-08-29 13:44:50] main.DEBUG: cache_invalidate:  {"method":"POST","url":"http://bharath4u.com/admin_189y4h/theme/design_config/save/key/9cbdd05bc2ea333c8646ef45e31430d1b6c76f91031e3856c7bbd052e7ec8c15/","invalidateInfo":{"identifier":"DB_PDO_MYSQL_DDL_design_config_grid_flat_4"},"is_exception":false} []
[2017-08-29 13:44:50] main.DEBUG: cache_invalidate:  {"method":"POST","url":"http://bharath4u.com/admin_189y4h/theme/design_config/save/key/9cbdd05bc2ea333c8646ef45e31430d1b6c76f91031e3856c7bbd052e7ec8c15/","invalidateInfo":{"identifier":"DB_PDO_MYSQL_DDL_design_config_grid_flat_1"},"is_exception":false} []
[2017-08-29 13:44:50] main.DEBUG: cache_invalidate:  {"method":"POST","url":"http://bharath4u.com/admin_189y4h/theme/design_config/save/key/9cbdd05bc2ea333c8646ef45e31430d1b6c76f91031e3856c7bbd052e7ec8c15/","invalidateInfo":{"identifier":"DB_PDO_MYSQL_DDL_design_config_grid_flat_2"},"is_exception":false} []
[2017-08-29 13:44:50] main.DEBUG: cache_invalidate:  {"method":"POST","url":"http://bharath4u.com/admin_189y4h/theme/design_config/save/key/9cbdd05bc2ea333c8646ef45e31430d1b6c76f91031e3856c7bbd052e7ec8c15/","invalidateInfo":{"identifier":"DB_PDO_MYSQL_DDL_design_config_grid_flat_3"},"is_exception":false} []
[2017-08-29 13:44:50] main.DEBUG: cache_invalidate:  {"method":"POST","url":"http://bharath4u.com/admin_189y4h/theme/design_config/save/key/9cbdd05bc2ea333c8646ef45e31430d1b6c76f91031e3856c7bbd052e7ec8c15/","invalidateInfo":{"identifier":"DB_PDO_MYSQL_DDL_design_config_grid_flat_4"},"is_exception":false} []
[2017-08-29 13:44:55] main.DEBUG: cache_invalidate:  {"method":"GET","url":"http://bharath4u.com/admin_189y4h/admin/cache/flushSystem/key/270099af18421de7a0207e22fe7038c6cb55a723b40291a5d3b53221bf71a4af/","invalidateInfo":{"tags":[],"mode":"all"},"is_exception":false} []
[2017-08-29 13:44:55] main.DEBUG: cache_invalidate:  {"method":"GET","url":"http://bharath4u.com/admin_189y4h/admin/cache/flushSystem/key/270099af18421de7a0207e22fe7038c6cb55a723b40291a5d3b53221bf71a4af/","invalidateInfo":{"tags":[],"mode":"all"},"is_exception":false} []
[2017-08-29 13:44:55] main.DEBUG: cache_invalidate:  {"method":"GET","url":"http://bharath4u.com/admin_189y4h/admin/cache/flushSystem/key/270099af18421de7a0207e22fe7038c6cb55a723b40291a5d3b53221bf71a4af/","invalidateInfo":{"tags":["FPC"],"mode":"matchingTag"},"is_exception":false} []
[2017-08-29 13:44:56] main.DEBUG: cache_invalidate:  {"method":"GET","url":"http://bharath4u.com/admin_189y4h/admin/cache/index/key/f3fdabc4bb3b605169930d961e819a8c4558b95208286cef267303ba11927e11/","invalidateInfo":{"tags":["interception","CONFIG"],"mode":"matchingTag"},"is_exception":false} []
[2017-08-29 13:46:15] main.DEBUG: cache_invalidate:  {"method":"POST","url":"http://bharath4u.com/admin_189y4h/theme/design_config/save/key/9cbdd05bc2ea333c8646ef45e31430d1b6c76f91031e3856c7bbd052e7ec8c15/","invalidateInfo":{"tags":["config_scopes","CONFIG"],"mode":"matchingTag"},"is_exception":false} []
[2017-08-29 13:46:15] main.DEBUG: cache_invalidate:  {"method":"POST","url":"http://bharath4u.com/admin_189y4h/theme/design_config/save/key/9cbdd05bc2ea333c8646ef45e31430d1b6c76f91031e3856c7bbd052e7ec8c15/","invalidateInfo":{"tags":["config_scopes","CONFIG"],"mode":"matchingTag"},"is_exception":false} []
[2017-08-29 13:46:15] main.DEBUG: cache_invalidate:  {"method":"POST","url":"http://bharath4u.com/admin_189y4h/theme/design_config/save/key/9cbdd05bc2ea333c8646ef45e31430d1b6c76f91031e3856c7bbd052e7ec8c15/","invalidateInfo":{"identifier":"DB_PDO_MYSQL_DDL_design_config_grid_flat_1"},"is_exception":false} []
[2017-08-29 13:46:15] main.DEBUG: cache_invalidate:  {"method":"POST","url":"http://bharath4u.com/admin_189y4h/theme/design_config/save/key/9cbdd05bc2ea333c8646ef45e31430d1b6c76f91031e3856c7bbd052e7ec8c15/","invalidateInfo":{"identifier":"DB_PDO_MYSQL_DDL_design_config_grid_flat_2"},"is_exception":false} []
[2017-08-29 13:46:15] main.DEBUG: cache_invalidate:  {"method":"POST","url":"http://bharath4u.com/admin_189y4h/theme/design_config/save/key/9cbdd05bc2ea333c8646ef45e31430d1b6c76f91031e3856c7bbd052e7ec8c15/","invalidateInfo":{"identifier":"DB_PDO_MYSQL_DDL_design_config_grid_flat_3"},"is_exception":false} []
[2017-08-29 13:46:15] main.DEBUG: cache_invalidate:  {"method":"POST","url":"http://bharath4u.com/admin_189y4h/theme/design_config/save/key/9cbdd05bc2ea333c8646ef45e31430d1b6c76f91031e3856c7bbd052e7ec8c15/","invalidateInfo":{"identifier":"DB_PDO_MYSQL_DDL_design_config_grid_flat_4"},"is_exception":false} []
[2017-08-29 13:46:15] main.DEBUG: cache_invalidate:  {"method":"POST","url":"http://bharath4u.com/admin_189y4h/theme/design_config/save/key/9cbdd05bc2ea333c8646ef45e31430d1b6c76f91031e3856c7bbd052e7ec8c15/","invalidateInfo":{"identifier":"DB_PDO_MYSQL_DDL_design_config_grid_flat_1"},"is_exception":false} []
[2017-08-29 13:46:15] main.DEBUG: cache_invalidate:  {"method":"POST","url":"http://bharath4u.com/admin_189y4h/theme/design_config/save/key/9cbdd05bc2ea333c8646ef45e31430d1b6c76f91031e3856c7bbd052e7ec8c15/","invalidateInfo":{"identifier":"DB_PDO_MYSQL_DDL_design_config_grid_flat_2"},"is_exception":false} []
[2017-08-29 13:46:15] main.DEBUG: cache_invalidate:  {"method":"POST","url":"http://bharath4u.com/admin_189y4h/theme/design_config/save/key/9cbdd05bc2ea333c8646ef45e31430d1b6c76f91031e3856c7bbd052e7ec8c15/","invalidateInfo":{"identifier":"DB_PDO_MYSQL_DDL_design_config_grid_flat_3"},"is_exception":false} []
[2017-08-29 13:46:15] main.DEBUG: cache_invalidate:  {"method":"POST","url":"http://bharath4u.com/admin_189y4h/theme/design_config/save/key/9cbdd05bc2ea333c8646ef45e31430d1b6c76f91031e3856c7bbd052e7ec8c15/","invalidateInfo":{"identifier":"DB_PDO_MYSQL_DDL_design_config_grid_flat_4"},"is_exception":false} []
[2017-08-29 13:46:25] main.DEBUG: cache_invalidate:  {"method":"GET","url":"http://bharath4u.com/admin_189y4h/admin/cache/flushSystem/key/270099af18421de7a0207e22fe7038c6cb55a723b40291a5d3b53221bf71a4af/","invalidateInfo":{"tags":[],"mode":"all"},"is_exception":false} []
[2017-08-29 13:46:25] main.DEBUG: cache_invalidate:  {"method":"GET","url":"http://bharath4u.com/admin_189y4h/admin/cache/flushSystem/key/270099af18421de7a0207e22fe7038c6cb55a723b40291a5d3b53221bf71a4af/","invalidateInfo":{"tags":[],"mode":"all"},"is_exception":false} []
[2017-08-29 13:46:25] main.DEBUG: cache_invalidate:  {"method":"GET","url":"http://bharath4u.com/admin_189y4h/admin/cache/flushSystem/key/270099af18421de7a0207e22fe7038c6cb55a723b40291a5d3b53221bf71a4af/","invalidateInfo":{"tags":["FPC"],"mode":"matchingTag"},"is_exception":false} []
[2017-08-29 13:46:26] main.DEBUG: cache_invalidate:  {"method":"GET","url":"http://bharath4u.com/admin_189y4h/admin/cache/index/key/f3fdabc4bb3b605169930d961e819a8c4558b95208286cef267303ba11927e11/","invalidateInfo":{"tags":["interception","CONFIG"],"mode":"matchingTag"},"is_exception":false} []
[2017-08-29 13:47:21] main.DEBUG: cache_invalidate:  {"method":"POST","url":"http://bharath4u.com/admin_189y4h/theme/design_config/save/key/9cbdd05bc2ea333c8646ef45e31430d1b6c76f91031e3856c7bbd052e7ec8c15/","invalidateInfo":{"tags":["config_scopes","CONFIG"],"mode":"matchingTag"},"is_exception":false} []
[2017-08-29 13:47:21] main.DEBUG: cache_invalidate:  {"method":"POST","url":"http://bharath4u.com/admin_189y4h/theme/design_config/save/key/9cbdd05bc2ea333c8646ef45e31430d1b6c76f91031e3856c7bbd052e7ec8c15/","invalidateInfo":{"tags":["config_scopes","CONFIG"],"mode":"matchingTag"},"is_exception":false} []
[2017-08-29 13:47:21] main.DEBUG: cache_invalidate:  {"method":"POST","url":"http://bharath4u.com/admin_189y4h/theme/design_config/save/key/9cbdd05bc2ea333c8646ef45e31430d1b6c76f91031e3856c7bbd052e7ec8c15/","invalidateInfo":{"identifier":"DB_PDO_MYSQL_DDL_design_config_grid_flat_1"},"is_exception":false} []
[2017-08-29 13:47:21] main.DEBUG: cache_invalidate:  {"method":"POST","url":"http://bharath4u.com/admin_189y4h/theme/design_config/save/key/9cbdd05bc2ea333c8646ef45e31430d1b6c76f91031e3856c7bbd052e7ec8c15/","invalidateInfo":{"identifier":"DB_PDO_MYSQL_DDL_design_config_grid_flat_2"},"is_exception":false} []
[2017-08-29 13:47:21] main.DEBUG: cache_invalidate:  {"method":"POST","url":"http://bharath4u.com/admin_189y4h/theme/design_config/save/key/9cbdd05bc2ea333c8646ef45e31430d1b6c76f91031e3856c7bbd052e7ec8c15/","invalidateInfo":{"identifier":"DB_PDO_MYSQL_DDL_design_config_grid_flat_3"},"is_exception":false} []
[2017-08-29 13:47:21] main.DEBUG: cache_invalidate:  {"method":"POST","url":"http://bharath4u.com/admin_189y4h/theme/design_config/save/key/9cbdd05bc2ea333c8646ef45e31430d1b6c76f91031e3856c7bbd052e7ec8c15/","invalidateInfo":{"identifier":"DB_PDO_MYSQL_DDL_design_config_grid_flat_4"},"is_exception":false} []
[2017-08-29 13:47:21] main.DEBUG: cache_invalidate:  {"method":"POST","url":"http://bharath4u.com/admin_189y4h/theme/design_config/save/key/9cbdd05bc2ea333c8646ef45e31430d1b6c76f91031e3856c7bbd052e7ec8c15/","invalidateInfo":{"identifier":"DB_PDO_MYSQL_DDL_design_config_grid_flat_1"},"is_exception":false} []
[2017-08-29 13:47:21] main.DEBUG: cache_invalidate:  {"method":"POST","url":"http://bharath4u.com/admin_189y4h/theme/design_config/save/key/9cbdd05bc2ea333c8646ef45e31430d1b6c76f91031e3856c7bbd052e7ec8c15/","invalidateInfo":{"identifier":"DB_PDO_MYSQL_DDL_design_config_grid_flat_2"},"is_exception":false} []
[2017-08-29 13:47:21] main.DEBUG: cache_invalidate:  {"method":"POST","url":"http://bharath4u.com/admin_189y4h/theme/design_config/save/key/9cbdd05bc2ea333c8646ef45e31430d1b6c76f91031e3856c7bbd052e7ec8c15/","invalidateInfo":{"identifier":"DB_PDO_MYSQL_DDL_design_config_grid_flat_3"},"is_exception":false} []
[2017-08-29 13:47:21] main.DEBUG: cache_invalidate:  {"method":"POST","url":"http://bharath4u.com/admin_189y4h/theme/design_config/save/key/9cbdd05bc2ea333c8646ef45e31430d1b6c76f91031e3856c7bbd052e7ec8c15/","invalidateInfo":{"identifier":"DB_PDO_MYSQL_DDL_design_config_grid_flat_4"},"is_exception":false} []
[2017-08-29 13:47:26] main.DEBUG: cache_invalidate:  {"method":"GET","url":"http://bharath4u.com/admin_189y4h/admin/cache/flushSystem/key/270099af18421de7a0207e22fe7038c6cb55a723b40291a5d3b53221bf71a4af/","invalidateInfo":{"tags":[],"mode":"all"},"is_exception":false} []
[2017-08-29 13:47:26] main.DEBUG: cache_invalidate:  {"method":"GET","url":"http://bharath4u.com/admin_189y4h/admin/cache/flushSystem/key/270099af18421de7a0207e22fe7038c6cb55a723b40291a5d3b53221bf71a4af/","invalidateInfo":{"tags":[],"mode":"all"},"is_exception":false} []
[2017-08-29 13:47:26] main.DEBUG: cache_invalidate:  {"method":"GET","url":"http://bharath4u.com/admin_189y4h/admin/cache/flushSystem/key/270099af18421de7a0207e22fe7038c6cb55a723b40291a5d3b53221bf71a4af/","invalidateInfo":{"tags":["FPC"],"mode":"matchingTag"},"is_exception":false} []
[2017-08-29 13:47:26] main.DEBUG: cache_invalidate:  {"method":"GET","url":"http://bharath4u.com/admin_189y4h/admin/cache/index/key/f3fdabc4bb3b605169930d961e819a8c4558b95208286cef267303ba11927e11/","invalidateInfo":{"tags":["interception","CONFIG"],"mode":"matchingTag"},"is_exception":false} []
[2017-08-29 13:48:07] main.DEBUG: cache_invalidate:  {"method":"POST","url":"http://bharath4u.com/admin_189y4h/theme/design_config/save/key/9cbdd05bc2ea333c8646ef45e31430d1b6c76f91031e3856c7bbd052e7ec8c15/","invalidateInfo":{"tags":["config_scopes","CONFIG"],"mode":"matchingTag"},"is_exception":false} []
[2017-08-29 13:48:07] main.DEBUG: cache_invalidate:  {"method":"POST","url":"http://bharath4u.com/admin_189y4h/theme/design_config/save/key/9cbdd05bc2ea333c8646ef45e31430d1b6c76f91031e3856c7bbd052e7ec8c15/","invalidateInfo":{"tags":["config_scopes","CONFIG"],"mode":"matchingTag"},"is_exception":false} []
[2017-08-29 13:48:07] main.DEBUG: cache_invalidate:  {"method":"POST","url":"http://bharath4u.com/admin_189y4h/theme/design_config/save/key/9cbdd05bc2ea333c8646ef45e31430d1b6c76f91031e3856c7bbd052e7ec8c15/","invalidateInfo":{"identifier":"DB_PDO_MYSQL_DDL_design_config_grid_flat_1"},"is_exception":false} []
[2017-08-29 13:48:07] main.DEBUG: cache_invalidate:  {"method":"POST","url":"http://bharath4u.com/admin_189y4h/theme/design_config/save/key/9cbdd05bc2ea333c8646ef45e31430d1b6c76f91031e3856c7bbd052e7ec8c15/","invalidateInfo":{"identifier":"DB_PDO_MYSQL_DDL_design_config_grid_flat_2"},"is_exception":false} []
[2017-08-29 13:48:07] main.DEBUG: cache_invalidate:  {"method":"POST","url":"http://bharath4u.com/admin_189y4h/theme/design_config/save/key/9cbdd05bc2ea333c8646ef45e31430d1b6c76f91031e3856c7bbd052e7ec8c15/","invalidateInfo":{"identifier":"DB_PDO_MYSQL_DDL_design_config_grid_flat_3"},"is_exception":false} []
[2017-08-29 13:48:07] main.DEBUG: cache_invalidate:  {"method":"POST","url":"http://bharath4u.com/admin_189y4h/theme/design_config/save/key/9cbdd05bc2ea333c8646ef45e31430d1b6c76f91031e3856c7bbd052e7ec8c15/","invalidateInfo":{"identifier":"DB_PDO_MYSQL_DDL_design_config_grid_flat_4"},"is_exception":false} []
[2017-08-29 13:48:07] main.DEBUG: cache_invalidate:  {"method":"POST","url":"http://bharath4u.com/admin_189y4h/theme/design_config/save/key/9cbdd05bc2ea333c8646ef45e31430d1b6c76f91031e3856c7bbd052e7ec8c15/","invalidateInfo":{"identifier":"DB_PDO_MYSQL_DDL_design_config_grid_flat_1"},"is_exception":false} []
[2017-08-29 13:48:07] main.DEBUG: cache_invalidate:  {"method":"POST","url":"http://bharath4u.com/admin_189y4h/theme/design_config/save/key/9cbdd05bc2ea333c8646ef45e31430d1b6c76f91031e3856c7bbd052e7ec8c15/","invalidateInfo":{"identifier":"DB_PDO_MYSQL_DDL_design_config_grid_flat_2"},"is_exception":false} []
[2017-08-29 13:48:07] main.DEBUG: cache_invalidate:  {"method":"POST","url":"http://bharath4u.com/admin_189y4h/theme/design_config/save/key/9cbdd05bc2ea333c8646ef45e31430d1b6c76f91031e3856c7bbd052e7ec8c15/","invalidateInfo":{"identifier":"DB_PDO_MYSQL_DDL_design_config_grid_flat_3"},"is_exception":false} []
[2017-08-29 13:48:07] main.DEBUG: cache_invalidate:  {"method":"POST","url":"http://bharath4u.com/admin_189y4h/theme/design_config/save/key/9cbdd05bc2ea333c8646ef45e31430d1b6c76f91031e3856c7bbd052e7ec8c15/","invalidateInfo":{"identifier":"DB_PDO_MYSQL_DDL_design_config_grid_flat_4"},"is_exception":false} []
[2017-08-29 13:48:13] main.DEBUG: cache_invalidate:  {"method":"GET","url":"http://bharath4u.com/admin_189y4h/admin/cache/flushSystem/key/270099af18421de7a0207e22fe7038c6cb55a723b40291a5d3b53221bf71a4af/","invalidateInfo":{"tags":[],"mode":"all"},"is_exception":false} []
[2017-08-29 13:48:13] main.DEBUG: cache_invalidate:  {"method":"GET","url":"http://bharath4u.com/admin_189y4h/admin/cache/flushSystem/key/270099af18421de7a0207e22fe7038c6cb55a723b40291a5d3b53221bf71a4af/","invalidateInfo":{"tags":[],"mode":"all"},"is_exception":false} []
[2017-08-29 13:48:13] main.DEBUG: cache_invalidate:  {"method":"GET","url":"http://bharath4u.com/admin_189y4h/admin/cache/flushSystem/key/270099af18421de7a0207e22fe7038c6cb55a723b40291a5d3b53221bf71a4af/","invalidateInfo":{"tags":["FPC"],"mode":"matchingTag"},"is_exception":false} []
[2017-08-29 13:48:14] main.DEBUG: cache_invalidate:  {"method":"GET","url":"http://bharath4u.com/admin_189y4h/admin/cache/index/key/f3fdabc4bb3b605169930d961e819a8c4558b95208286cef267303ba11927e11/","invalidateInfo":{"tags":["interception","CONFIG"],"mode":"matchingTag"},"is_exception":false} []
[2017-08-29 13:48:51] main.DEBUG: cache_invalidate:  {"method":"POST","url":"http://bharath4u.com/admin_189y4h/theme/design_config/save/key/9cbdd05bc2ea333c8646ef45e31430d1b6c76f91031e3856c7bbd052e7ec8c15/","invalidateInfo":{"tags":["config_scopes","CONFIG"],"mode":"matchingTag"},"is_exception":false} []
[2017-08-29 13:48:51] main.DEBUG: cache_invalidate:  {"method":"POST","url":"http://bharath4u.com/admin_189y4h/theme/design_config/save/key/9cbdd05bc2ea333c8646ef45e31430d1b6c76f91031e3856c7bbd052e7ec8c15/","invalidateInfo":{"tags":["config_scopes","CONFIG"],"mode":"matchingTag"},"is_exception":false} []
[2017-08-29 13:48:52] main.DEBUG: cache_invalidate:  {"method":"POST","url":"http://bharath4u.com/admin_189y4h/theme/design_config/save/key/9cbdd05bc2ea333c8646ef45e31430d1b6c76f91031e3856c7bbd052e7ec8c15/","invalidateInfo":{"identifier":"DB_PDO_MYSQL_DDL_design_config_grid_flat_1"},"is_exception":false} []
[2017-08-29 13:48:52] main.DEBUG: cache_invalidate:  {"method":"POST","url":"http://bharath4u.com/admin_189y4h/theme/design_config/save/key/9cbdd05bc2ea333c8646ef45e31430d1b6c76f91031e3856c7bbd052e7ec8c15/","invalidateInfo":{"identifier":"DB_PDO_MYSQL_DDL_design_config_grid_flat_2"},"is_exception":false} []
[2017-08-29 13:48:52] main.DEBUG: cache_invalidate:  {"method":"POST","url":"http://bharath4u.com/admin_189y4h/theme/design_config/save/key/9cbdd05bc2ea333c8646ef45e31430d1b6c76f91031e3856c7bbd052e7ec8c15/","invalidateInfo":{"identifier":"DB_PDO_MYSQL_DDL_design_config_grid_flat_3"},"is_exception":false} []
[2017-08-29 13:48:52] main.DEBUG: cache_invalidate:  {"method":"POST","url":"http://bharath4u.com/admin_189y4h/theme/design_config/save/key/9cbdd05bc2ea333c8646ef45e31430d1b6c76f91031e3856c7bbd052e7ec8c15/","invalidateInfo":{"identifier":"DB_PDO_MYSQL_DDL_design_config_grid_flat_4"},"is_exception":false} []
[2017-08-29 13:48:52] main.DEBUG: cache_invalidate:  {"method":"POST","url":"http://bharath4u.com/admin_189y4h/theme/design_config/save/key/9cbdd05bc2ea333c8646ef45e31430d1b6c76f91031e3856c7bbd052e7ec8c15/","invalidateInfo":{"identifier":"DB_PDO_MYSQL_DDL_design_config_grid_flat_1"},"is_exception":false} []
[2017-08-29 13:48:52] main.DEBUG: cache_invalidate:  {"method":"POST","url":"http://bharath4u.com/admin_189y4h/theme/design_config/save/key/9cbdd05bc2ea333c8646ef45e31430d1b6c76f91031e3856c7bbd052e7ec8c15/","invalidateInfo":{"identifier":"DB_PDO_MYSQL_DDL_design_config_grid_flat_2"},"is_exception":false} []
[2017-08-29 13:48:52] main.DEBUG: cache_invalidate:  {"method":"POST","url":"http://bharath4u.com/admin_189y4h/theme/design_config/save/key/9cbdd05bc2ea333c8646ef45e31430d1b6c76f91031e3856c7bbd052e7ec8c15/","invalidateInfo":{"identifier":"DB_PDO_MYSQL_DDL_design_config_grid_flat_3"},"is_exception":false} []
[2017-08-29 13:48:52] main.DEBUG: cache_invalidate:  {"method":"POST","url":"http://bharath4u.com/admin_189y4h/theme/design_config/save/key/9cbdd05bc2ea333c8646ef45e31430d1b6c76f91031e3856c7bbd052e7ec8c15/","invalidateInfo":{"identifier":"DB_PDO_MYSQL_DDL_design_config_grid_flat_4"},"is_exception":false} []
[2017-08-29 13:48:57] main.DEBUG: cache_invalidate:  {"method":"GET","url":"http://bharath4u.com/admin_189y4h/admin/cache/flushSystem/key/270099af18421de7a0207e22fe7038c6cb55a723b40291a5d3b53221bf71a4af/","invalidateInfo":{"tags":[],"mode":"all"},"is_exception":false} []
[2017-08-29 13:48:57] main.DEBUG: cache_invalidate:  {"method":"GET","url":"http://bharath4u.com/admin_189y4h/admin/cache/flushSystem/key/270099af18421de7a0207e22fe7038c6cb55a723b40291a5d3b53221bf71a4af/","invalidateInfo":{"tags":[],"mode":"all"},"is_exception":false} []
[2017-08-29 13:48:57] main.DEBUG: cache_invalidate:  {"method":"GET","url":"http://bharath4u.com/admin_189y4h/admin/cache/flushSystem/key/270099af18421de7a0207e22fe7038c6cb55a723b40291a5d3b53221bf71a4af/","invalidateInfo":{"tags":["FPC"],"mode":"matchingTag"},"is_exception":false} []
[2017-08-29 13:48:58] main.DEBUG: cache_invalidate:  {"method":"GET","url":"http://bharath4u.com/admin_189y4h/admin/cache/index/key/f3fdabc4bb3b605169930d961e819a8c4558b95208286cef267303ba11927e11/","invalidateInfo":{"tags":["interception","CONFIG"],"mode":"matchingTag"},"is_exception":false} []
[2017-08-29 13:49:34] main.DEBUG: cache_invalidate:  {"method":"POST","url":"http://bharath4u.com/admin_189y4h/theme/design_config/save/key/9cbdd05bc2ea333c8646ef45e31430d1b6c76f91031e3856c7bbd052e7ec8c15/","invalidateInfo":{"tags":["config_scopes","CONFIG"],"mode":"matchingTag"},"is_exception":false} []
[2017-08-29 13:49:34] main.DEBUG: cache_invalidate:  {"method":"POST","url":"http://bharath4u.com/admin_189y4h/theme/design_config/save/key/9cbdd05bc2ea333c8646ef45e31430d1b6c76f91031e3856c7bbd052e7ec8c15/","invalidateInfo":{"tags":["config_scopes","CONFIG"],"mode":"matchingTag"},"is_exception":false} []
[2017-08-29 13:49:34] main.DEBUG: cache_invalidate:  {"method":"POST","url":"http://bharath4u.com/admin_189y4h/theme/design_config/save/key/9cbdd05bc2ea333c8646ef45e31430d1b6c76f91031e3856c7bbd052e7ec8c15/","invalidateInfo":{"identifier":"DB_PDO_MYSQL_DDL_design_config_grid_flat_1"},"is_exception":false} []
[2017-08-29 13:49:34] main.DEBUG: cache_invalidate:  {"method":"POST","url":"http://bharath4u.com/admin_189y4h/theme/design_config/save/key/9cbdd05bc2ea333c8646ef45e31430d1b6c76f91031e3856c7bbd052e7ec8c15/","invalidateInfo":{"identifier":"DB_PDO_MYSQL_DDL_design_config_grid_flat_2"},"is_exception":false} []
[2017-08-29 13:49:34] main.DEBUG: cache_invalidate:  {"method":"POST","url":"http://bharath4u.com/admin_189y4h/theme/design_config/save/key/9cbdd05bc2ea333c8646ef45e31430d1b6c76f91031e3856c7bbd052e7ec8c15/","invalidateInfo":{"identifier":"DB_PDO_MYSQL_DDL_design_config_grid_flat_3"},"is_exception":false} []
[2017-08-29 13:49:34] main.DEBUG: cache_invalidate:  {"method":"POST","url":"http://bharath4u.com/admin_189y4h/theme/design_config/save/key/9cbdd05bc2ea333c8646ef45e31430d1b6c76f91031e3856c7bbd052e7ec8c15/","invalidateInfo":{"identifier":"DB_PDO_MYSQL_DDL_design_config_grid_flat_4"},"is_exception":false} []
[2017-08-29 13:49:35] main.DEBUG: cache_invalidate:  {"method":"POST","url":"http://bharath4u.com/admin_189y4h/theme/design_config/save/key/9cbdd05bc2ea333c8646ef45e31430d1b6c76f91031e3856c7bbd052e7ec8c15/","invalidateInfo":{"identifier":"DB_PDO_MYSQL_DDL_design_config_grid_flat_1"},"is_exception":false} []
[2017-08-29 13:49:35] main.DEBUG: cache_invalidate:  {"method":"POST","url":"http://bharath4u.com/admin_189y4h/theme/design_config/save/key/9cbdd05bc2ea333c8646ef45e31430d1b6c76f91031e3856c7bbd052e7ec8c15/","invalidateInfo":{"identifier":"DB_PDO_MYSQL_DDL_design_config_grid_flat_2"},"is_exception":false} []
[2017-08-29 13:49:35] main.DEBUG: cache_invalidate:  {"method":"POST","url":"http://bharath4u.com/admin_189y4h/theme/design_config/save/key/9cbdd05bc2ea333c8646ef45e31430d1b6c76f91031e3856c7bbd052e7ec8c15/","invalidateInfo":{"identifier":"DB_PDO_MYSQL_DDL_design_config_grid_flat_3"},"is_exception":false} []
[2017-08-29 13:49:35] main.DEBUG: cache_invalidate:  {"method":"POST","url":"http://bharath4u.com/admin_189y4h/theme/design_config/save/key/9cbdd05bc2ea333c8646ef45e31430d1b6c76f91031e3856c7bbd052e7ec8c15/","invalidateInfo":{"identifier":"DB_PDO_MYSQL_DDL_design_config_grid_flat_4"},"is_exception":false} []
[2017-08-29 13:49:39] main.DEBUG: cache_invalidate:  {"method":"GET","url":"http://bharath4u.com/admin_189y4h/admin/cache/flushSystem/key/270099af18421de7a0207e22fe7038c6cb55a723b40291a5d3b53221bf71a4af/","invalidateInfo":{"tags":[],"mode":"all"},"is_exception":false} []
[2017-08-29 13:49:39] main.DEBUG: cache_invalidate:  {"method":"GET","url":"http://bharath4u.com/admin_189y4h/admin/cache/flushSystem/key/270099af18421de7a0207e22fe7038c6cb55a723b40291a5d3b53221bf71a4af/","invalidateInfo":{"tags":[],"mode":"all"},"is_exception":false} []
[2017-08-29 13:49:39] main.DEBUG: cache_invalidate:  {"method":"GET","url":"http://bharath4u.com/admin_189y4h/admin/cache/flushSystem/key/270099af18421de7a0207e22fe7038c6cb55a723b40291a5d3b53221bf71a4af/","invalidateInfo":{"tags":["FPC"],"mode":"matchingTag"},"is_exception":false} []
[2017-08-29 13:49:40] main.DEBUG: cache_invalidate:  {"method":"GET","url":"http://bharath4u.com/admin_189y4h/admin/cache/index/key/f3fdabc4bb3b605169930d961e819a8c4558b95208286cef267303ba11927e11/","invalidateInfo":{"tags":["interception","CONFIG"],"mode":"matchingTag"},"is_exception":false} []
