[2017-08-19 14:24:09] main.CRITICAL: Exception: Warning: getimagesize(pub/media/wysiwyg/home/1promo-400x320.png): failed to open stream: No such file or directory in /var/www/html/lib/internal/Magento/Framework/Image/Adapter/AbstractAdapter.php on line 304 in /var/www/html/lib/internal/Magento/Framework/App/ErrorHandler.php:61
Stack trace:
#0 [internal function]: Magento\Framework\App\ErrorHandler->handler(2, 'getimagesize(pu...', '/var/www/html/l...', 304, Array)
#1 /var/www/html/lib/internal/Magento/Framework/Image/Adapter/AbstractAdapter.php(304): getimagesize('pub/media/wysiw...')
#2 /var/www/html/lib/internal/Magento/Framework/Image/Adapter/AbstractAdapter.php(289): Magento\Framework\Image\Adapter\AbstractAdapter->getImageType()
#3 /var/www/html/lib/internal/Magento/Framework/Image/Adapter/Gd2.php(59): Magento\Framework\Image\Adapter\AbstractAdapter->getMimeType()
#4 /var/www/html/app/code/Magento/Cms/Controller/Adminhtml/Wysiwyg/Directive.php(53): Magento\Framework\Image\Adapter\Gd2->open('pub/media/wysiw...')
#5 /var/www/html/var/generation/Magento/Cms/Controller/Adminhtml/Wysiwyg/Directive/Interceptor.php(24): Magento\Cms\Controller\Adminhtml\Wysiwyg\Directive->execute()
#6 /var/www/html/lib/internal/Magento/Framework/App/Action/Action.php(102): Magento\Cms\Controller\Adminhtml\Wysiwyg\Directive\Interceptor->execute()
#7 /var/www/html/app/code/Magento/Backend/App/AbstractAction.php(226): Magento\Framework\App\Action\Action->dispatch(Object(Magento\Framework\App\Request\Http))
#8 /var/www/html/lib/internal/Magento/Framework/Interception/Interceptor.php(74): Magento\Backend\App\AbstractAction->dispatch(Object(Magento\Framework\App\Request\Http))
#9 /var/www/html/lib/internal/Magento/Framework/Interception/Chain/Chain.php(70): Magento\Cms\Controller\Adminhtml\Wysiwyg\Directive\Interceptor->___callParent('dispatch', Array)
#10 /var/www/html/lib/internal/Magento/Framework/Interception/Chain/Chain.php(63): Magento\Framework\Interception\Chain\Chain->invokeNext('Magento\\Cms\\Con...', 'dispatch', Object(Magento\Cms\Controller\Adminhtml\Wysiwyg\Directive\Interceptor), Array, 'adminAuthentica...')
#11 /var/www/html/app/code/Magento/Backend/App/Action/Plugin/Authentication.php(143): Magento\Framework\Interception\Chain\Chain->Magento\Framework\Interception\Chain\{closure}(Object(Magento\Framework\App\Request\Http))
#12 /var/www/html/lib/internal/Magento/Framework/Interception/Chain/Chain.php(67): Magento\Backend\App\Action\Plugin\Authentication->aroundDispatch(Object(Magento\Cms\Controller\Adminhtml\Wysiwyg\Directive\Interceptor), Object(Closure), Object(Magento\Framework\App\Request\Http))
#13 /var/www/html/lib/internal/Magento/Framework/Interception/Interceptor.php(138): Magento\Framework\Interception\Chain\Chain->invokeNext('Magento\\Cms\\Con...', 'dispatch', Object(Magento\Cms\Controller\Adminhtml\Wysiwyg\Directive\Interceptor), Array, 'adminMassaction...')
#14 /var/www/html/app/code/Magento/Backend/App/Action/Plugin/MassactionKey.php(33): Magento\Cms\Controller\Adminhtml\Wysiwyg\Directive\Interceptor->Magento\Framework\Interception\{closure}(Object(Magento\Framework\App\Request\Http))
#15 /var/www/html/lib/internal/Magento/Framework/Interception/Interceptor.php(142): Magento\Backend\App\Action\Plugin\MassactionKey->aroundDispatch(Object(Magento\Cms\Controller\Adminhtml\Wysiwyg\Directive\Interceptor), Object(Closure), Object(Magento\Framework\App\Request\Http))
#16 /var/www/html/var/generation/Magento/Cms/Controller/Adminhtml/Wysiwyg/Directive/Interceptor.php(39): Magento\Cms\Controller\Adminhtml\Wysiwyg\Directive\Interceptor->___callPlugins('dispatch', Array, Array)
#17 /var/www/html/lib/internal/Magento/Framework/App/FrontController.php(55): Magento\Cms\Controller\Adminhtml\Wysiwyg\Directive\Interceptor->dispatch(Object(Magento\Framework\App\Request\Http))
#18 /var/www/html/lib/internal/Magento/Framework/Interception/Interceptor.php(74): Magento\Framework\App\FrontController->dispatch(Object(Magento\Framework\App\Request\Http))
#19 /var/www/html/lib/internal/Magento/Framework/Interception/Chain/Chain.php(70): Magento\Framework\App\FrontController\Interceptor->___callParent('dispatch', Array)
#20 /var/www/html/lib/internal/Magento/Framework/Interception/Interceptor.php(138): Magento\Framework\Interception\Chain\Chain->invokeNext('Magento\\Framewo...', 'dispatch', Object(Magento\Framework\App\FrontController\Interceptor), Array, 'install')
#21 /var/www/html/lib/internal/Magento/Framework/Module/Plugin/DbStatusValidator.php(69): Magento\Framework\App\FrontController\Interceptor->Magento\Framework\Interception\{closure}(Object(Magento\Framework\App\Request\Http))
#22 /var/www/html/lib/internal/Magento/Framework/Interception/Interceptor.php(142): Magento\Framework\Module\Plugin\DbStatusValidator->aroundDispatch(Object(Magento\Framework\App\FrontController\Interceptor), Object(Closure), Object(Magento\Framework\App\Request\Http))
#23 /var/www/html/var/generation/Magento/Framework/App/FrontController/Interceptor.php(26): Magento\Framework\App\FrontController\Interceptor->___callPlugins('dispatch', Array, Array)
#24 /var/www/html/lib/internal/Magento/Framework/App/Http.php(135): Magento\Framework\App\FrontController\Interceptor->dispatch(Object(Magento\Framework\App\Request\Http))
#25 /var/www/html/lib/internal/Magento/Framework/App/Bootstrap.php(258): Magento\Framework\App\Http->launch()
#26 /var/www/html/index.php(39): Magento\Framework\App\Bootstrap->run(Object(Magento\Framework\App\Http))
#27 {main} [] []
[2017-08-19 14:24:09] main.CRITICAL: Exception: Warning: getimagesize(pub/media/wysiwyg/home/3promo-400x320.png): failed to open stream: No such file or directory in /var/www/html/lib/internal/Magento/Framework/Image/Adapter/AbstractAdapter.php on line 304 in /var/www/html/lib/internal/Magento/Framework/App/ErrorHandler.php:61
Stack trace:
#0 [internal function]: Magento\Framework\App\ErrorHandler->handler(2, 'getimagesize(pu...', '/var/www/html/l...', 304, Array)
#1 /var/www/html/lib/internal/Magento/Framework/Image/Adapter/AbstractAdapter.php(304): getimagesize('pub/media/wysiw...')
#2 /var/www/html/lib/internal/Magento/Framework/Image/Adapter/AbstractAdapter.php(289): Magento\Framework\Image\Adapter\AbstractAdapter->getImageType()
#3 /var/www/html/lib/internal/Magento/Framework/Image/Adapter/Gd2.php(59): Magento\Framework\Image\Adapter\AbstractAdapter->getMimeType()
#4 /var/www/html/app/code/Magento/Cms/Controller/Adminhtml/Wysiwyg/Directive.php(53): Magento\Framework\Image\Adapter\Gd2->open('pub/media/wysiw...')
#5 /var/www/html/var/generation/Magento/Cms/Controller/Adminhtml/Wysiwyg/Directive/Interceptor.php(24): Magento\Cms\Controller\Adminhtml\Wysiwyg\Directive->execute()
#6 /var/www/html/lib/internal/Magento/Framework/App/Action/Action.php(102): Magento\Cms\Controller\Adminhtml\Wysiwyg\Directive\Interceptor->execute()
#7 /var/www/html/app/code/Magento/Backend/App/AbstractAction.php(226): Magento\Framework\App\Action\Action->dispatch(Object(Magento\Framework\App\Request\Http))
#8 /var/www/html/lib/internal/Magento/Framework/Interception/Interceptor.php(74): Magento\Backend\App\AbstractAction->dispatch(Object(Magento\Framework\App\Request\Http))
#9 /var/www/html/lib/internal/Magento/Framework/Interception/Chain/Chain.php(70): Magento\Cms\Controller\Adminhtml\Wysiwyg\Directive\Interceptor->___callParent('dispatch', Array)
#10 /var/www/html/lib/internal/Magento/Framework/Interception/Chain/Chain.php(63): Magento\Framework\Interception\Chain\Chain->invokeNext('Magento\\Cms\\Con...', 'dispatch', Object(Magento\Cms\Controller\Adminhtml\Wysiwyg\Directive\Interceptor), Array, 'adminAuthentica...')
#11 /var/www/html/app/code/Magento/Backend/App/Action/Plugin/Authentication.php(143): Magento\Framework\Interception\Chain\Chain->Magento\Framework\Interception\Chain\{closure}(Object(Magento\Framework\App\Request\Http))
#12 /var/www/html/lib/internal/Magento/Framework/Interception/Chain/Chain.php(67): Magento\Backend\App\Action\Plugin\Authentication->aroundDispatch(Object(Magento\Cms\Controller\Adminhtml\Wysiwyg\Directive\Interceptor), Object(Closure), Object(Magento\Framework\App\Request\Http))
#13 /var/www/html/lib/internal/Magento/Framework/Interception/Interceptor.php(138): Magento\Framework\Interception\Chain\Chain->invokeNext('Magento\\Cms\\Con...', 'dispatch', Object(Magento\Cms\Controller\Adminhtml\Wysiwyg\Directive\Interceptor), Array, 'adminMassaction...')
#14 /var/www/html/app/code/Magento/Backend/App/Action/Plugin/MassactionKey.php(33): Magento\Cms\Controller\Adminhtml\Wysiwyg\Directive\Interceptor->Magento\Framework\Interception\{closure}(Object(Magento\Framework\App\Request\Http))
#15 /var/www/html/lib/internal/Magento/Framework/Interception/Interceptor.php(142): Magento\Backend\App\Action\Plugin\MassactionKey->aroundDispatch(Object(Magento\Cms\Controller\Adminhtml\Wysiwyg\Directive\Interceptor), Object(Closure), Object(Magento\Framework\App\Request\Http))
#16 /var/www/html/var/generation/Magento/Cms/Controller/Adminhtml/Wysiwyg/Directive/Interceptor.php(39): Magento\Cms\Controller\Adminhtml\Wysiwyg\Directive\Interceptor->___callPlugins('dispatch', Array, Array)
#17 /var/www/html/lib/internal/Magento/Framework/App/FrontController.php(55): Magento\Cms\Controller\Adminhtml\Wysiwyg\Directive\Interceptor->dispatch(Object(Magento\Framework\App\Request\Http))
#18 /var/www/html/lib/internal/Magento/Framework/Interception/Interceptor.php(74): Magento\Framework\App\FrontController->dispatch(Object(Magento\Framework\App\Request\Http))
#19 /var/www/html/lib/internal/Magento/Framework/Interception/Chain/Chain.php(70): Magento\Framework\App\FrontController\Interceptor->___callParent('dispatch', Array)
#20 /var/www/html/lib/internal/Magento/Framework/Interception/Interceptor.php(138): Magento\Framework\Interception\Chain\Chain->invokeNext('Magento\\Framewo...', 'dispatch', Object(Magento\Framework\App\FrontController\Interceptor), Array, 'install')
#21 /var/www/html/lib/internal/Magento/Framework/Module/Plugin/DbStatusValidator.php(69): Magento\Framework\App\FrontController\Interceptor->Magento\Framework\Interception\{closure}(Object(Magento\Framework\App\Request\Http))
#22 /var/www/html/lib/internal/Magento/Framework/Interception/Interceptor.php(142): Magento\Framework\Module\Plugin\DbStatusValidator->aroundDispatch(Object(Magento\Framework\App\FrontController\Interceptor), Object(Closure), Object(Magento\Framework\App\Request\Http))
#23 /var/www/html/var/generation/Magento/Framework/App/FrontController/Interceptor.php(26): Magento\Framework\App\FrontController\Interceptor->___callPlugins('dispatch', Array, Array)
#24 /var/www/html/lib/internal/Magento/Framework/App/Http.php(135): Magento\Framework\App\FrontController\Interceptor->dispatch(Object(Magento\Framework\App\Request\Http))
#25 /var/www/html/lib/internal/Magento/Framework/App/Bootstrap.php(258): Magento\Framework\App\Http->launch()
#26 /var/www/html/index.php(39): Magento\Framework\App\Bootstrap->run(Object(Magento\Framework\App\Http))
#27 {main} [] []
[2017-08-19 14:24:09] main.CRITICAL: Exception: Warning: getimagesize(pub/media/wysiwyg/home/2promo-400x320.png): failed to open stream: No such file or directory in /var/www/html/lib/internal/Magento/Framework/Image/Adapter/AbstractAdapter.php on line 304 in /var/www/html/lib/internal/Magento/Framework/App/ErrorHandler.php:61
Stack trace:
#0 [internal function]: Magento\Framework\App\ErrorHandler->handler(2, 'getimagesize(pu...', '/var/www/html/l...', 304, Array)
#1 /var/www/html/lib/internal/Magento/Framework/Image/Adapter/AbstractAdapter.php(304): getimagesize('pub/media/wysiw...')
#2 /var/www/html/lib/internal/Magento/Framework/Image/Adapter/AbstractAdapter.php(289): Magento\Framework\Image\Adapter\AbstractAdapter->getImageType()
#3 /var/www/html/lib/internal/Magento/Framework/Image/Adapter/Gd2.php(59): Magento\Framework\Image\Adapter\AbstractAdapter->getMimeType()
#4 /var/www/html/app/code/Magento/Cms/Controller/Adminhtml/Wysiwyg/Directive.php(53): Magento\Framework\Image\Adapter\Gd2->open('pub/media/wysiw...')
#5 /var/www/html/var/generation/Magento/Cms/Controller/Adminhtml/Wysiwyg/Directive/Interceptor.php(24): Magento\Cms\Controller\Adminhtml\Wysiwyg\Directive->execute()
#6 /var/www/html/lib/internal/Magento/Framework/App/Action/Action.php(102): Magento\Cms\Controller\Adminhtml\Wysiwyg\Directive\Interceptor->execute()
#7 /var/www/html/app/code/Magento/Backend/App/AbstractAction.php(226): Magento\Framework\App\Action\Action->dispatch(Object(Magento\Framework\App\Request\Http))
#8 /var/www/html/lib/internal/Magento/Framework/Interception/Interceptor.php(74): Magento\Backend\App\AbstractAction->dispatch(Object(Magento\Framework\App\Request\Http))
#9 /var/www/html/lib/internal/Magento/Framework/Interception/Chain/Chain.php(70): Magento\Cms\Controller\Adminhtml\Wysiwyg\Directive\Interceptor->___callParent('dispatch', Array)
#10 /var/www/html/lib/internal/Magento/Framework/Interception/Chain/Chain.php(63): Magento\Framework\Interception\Chain\Chain->invokeNext('Magento\\Cms\\Con...', 'dispatch', Object(Magento\Cms\Controller\Adminhtml\Wysiwyg\Directive\Interceptor), Array, 'adminAuthentica...')
#11 /var/www/html/app/code/Magento/Backend/App/Action/Plugin/Authentication.php(143): Magento\Framework\Interception\Chain\Chain->Magento\Framework\Interception\Chain\{closure}(Object(Magento\Framework\App\Request\Http))
#12 /var/www/html/lib/internal/Magento/Framework/Interception/Chain/Chain.php(67): Magento\Backend\App\Action\Plugin\Authentication->aroundDispatch(Object(Magento\Cms\Controller\Adminhtml\Wysiwyg\Directive\Interceptor), Object(Closure), Object(Magento\Framework\App\Request\Http))
#13 /var/www/html/lib/internal/Magento/Framework/Interception/Interceptor.php(138): Magento\Framework\Interception\Chain\Chain->invokeNext('Magento\\Cms\\Con...', 'dispatch', Object(Magento\Cms\Controller\Adminhtml\Wysiwyg\Directive\Interceptor), Array, 'adminMassaction...')
#14 /var/www/html/app/code/Magento/Backend/App/Action/Plugin/MassactionKey.php(33): Magento\Cms\Controller\Adminhtml\Wysiwyg\Directive\Interceptor->Magento\Framework\Interception\{closure}(Object(Magento\Framework\App\Request\Http))
#15 /var/www/html/lib/internal/Magento/Framework/Interception/Interceptor.php(142): Magento\Backend\App\Action\Plugin\MassactionKey->aroundDispatch(Object(Magento\Cms\Controller\Adminhtml\Wysiwyg\Directive\Interceptor), Object(Closure), Object(Magento\Framework\App\Request\Http))
#16 /var/www/html/var/generation/Magento/Cms/Controller/Adminhtml/Wysiwyg/Directive/Interceptor.php(39): Magento\Cms\Controller\Adminhtml\Wysiwyg\Directive\Interceptor->___callPlugins('dispatch', Array, Array)
#17 /var/www/html/lib/internal/Magento/Framework/App/FrontController.php(55): Magento\Cms\Controller\Adminhtml\Wysiwyg\Directive\Interceptor->dispatch(Object(Magento\Framework\App\Request\Http))
#18 /var/www/html/lib/internal/Magento/Framework/Interception/Interceptor.php(74): Magento\Framework\App\FrontController->dispatch(Object(Magento\Framework\App\Request\Http))
#19 /var/www/html/lib/internal/Magento/Framework/Interception/Chain/Chain.php(70): Magento\Framework\App\FrontController\Interceptor->___callParent('dispatch', Array)
#20 /var/www/html/lib/internal/Magento/Framework/Interception/Interceptor.php(138): Magento\Framework\Interception\Chain\Chain->invokeNext('Magento\\Framewo...', 'dispatch', Object(Magento\Framework\App\FrontController\Interceptor), Array, 'install')
#21 /var/www/html/lib/internal/Magento/Framework/Module/Plugin/DbStatusValidator.php(69): Magento\Framework\App\FrontController\Interceptor->Magento\Framework\Interception\{closure}(Object(Magento\Framework\App\Request\Http))
#22 /var/www/html/lib/internal/Magento/Framework/Interception/Interceptor.php(142): Magento\Framework\Module\Plugin\DbStatusValidator->aroundDispatch(Object(Magento\Framework\App\FrontController\Interceptor), Object(Closure), Object(Magento\Framework\App\Request\Http))
#23 /var/www/html/var/generation/Magento/Framework/App/FrontController/Interceptor.php(26): Magento\Framework\App\FrontController\Interceptor->___callPlugins('dispatch', Array, Array)
#24 /var/www/html/lib/internal/Magento/Framework/App/Http.php(135): Magento\Framework\App\FrontController\Interceptor->dispatch(Object(Magento\Framework\App\Request\Http))
#25 /var/www/html/lib/internal/Magento/Framework/App/Bootstrap.php(258): Magento\Framework\App\Http->launch()
#26 /var/www/html/index.php(39): Magento\Framework\App\Bootstrap->run(Object(Magento\Framework\App\Http))
#27 {main} [] []
[2017-08-19 14:40:57] main.CRITICAL: Exception: Warning: getimagesize(pub/media/wysiwyg/600-490.png): failed to open stream: No such file or directory in /var/www/html/lib/internal/Magento/Framework/Image/Adapter/AbstractAdapter.php on line 304 in /var/www/html/lib/internal/Magento/Framework/App/ErrorHandler.php:61
Stack trace:
#0 [internal function]: Magento\Framework\App\ErrorHandler->handler(2, 'getimagesize(pu...', '/var/www/html/l...', 304, Array)
#1 /var/www/html/lib/internal/Magento/Framework/Image/Adapter/AbstractAdapter.php(304): getimagesize('pub/media/wysiw...')
#2 /var/www/html/lib/internal/Magento/Framework/Image/Adapter/AbstractAdapter.php(289): Magento\Framework\Image\Adapter\AbstractAdapter->getImageType()
#3 /var/www/html/lib/internal/Magento/Framework/Image/Adapter/Gd2.php(59): Magento\Framework\Image\Adapter\AbstractAdapter->getMimeType()
#4 /var/www/html/app/code/Magento/Cms/Controller/Adminhtml/Wysiwyg/Directive.php(53): Magento\Framework\Image\Adapter\Gd2->open('pub/media/wysiw...')
#5 /var/www/html/var/generation/Magento/Cms/Controller/Adminhtml/Wysiwyg/Directive/Interceptor.php(24): Magento\Cms\Controller\Adminhtml\Wysiwyg\Directive->execute()
#6 /var/www/html/lib/internal/Magento/Framework/App/Action/Action.php(102): Magento\Cms\Controller\Adminhtml\Wysiwyg\Directive\Interceptor->execute()
#7 /var/www/html/app/code/Magento/Backend/App/AbstractAction.php(226): Magento\Framework\App\Action\Action->dispatch(Object(Magento\Framework\App\Request\Http))
#8 /var/www/html/lib/internal/Magento/Framework/Interception/Interceptor.php(74): Magento\Backend\App\AbstractAction->dispatch(Object(Magento\Framework\App\Request\Http))
#9 /var/www/html/lib/internal/Magento/Framework/Interception/Chain/Chain.php(70): Magento\Cms\Controller\Adminhtml\Wysiwyg\Directive\Interceptor->___callParent('dispatch', Array)
#10 /var/www/html/lib/internal/Magento/Framework/Interception/Chain/Chain.php(63): Magento\Framework\Interception\Chain\Chain->invokeNext('Magento\\Cms\\Con...', 'dispatch', Object(Magento\Cms\Controller\Adminhtml\Wysiwyg\Directive\Interceptor), Array, 'adminAuthentica...')
#11 /var/www/html/app/code/Magento/Backend/App/Action/Plugin/Authentication.php(143): Magento\Framework\Interception\Chain\Chain->Magento\Framework\Interception\Chain\{closure}(Object(Magento\Framework\App\Request\Http))
#12 /var/www/html/lib/internal/Magento/Framework/Interception/Chain/Chain.php(67): Magento\Backend\App\Action\Plugin\Authentication->aroundDispatch(Object(Magento\Cms\Controller\Adminhtml\Wysiwyg\Directive\Interceptor), Object(Closure), Object(Magento\Framework\App\Request\Http))
#13 /var/www/html/lib/internal/Magento/Framework/Interception/Interceptor.php(138): Magento\Framework\Interception\Chain\Chain->invokeNext('Magento\\Cms\\Con...', 'dispatch', Object(Magento\Cms\Controller\Adminhtml\Wysiwyg\Directive\Interceptor), Array, 'adminMassaction...')
#14 /var/www/html/app/code/Magento/Backend/App/Action/Plugin/MassactionKey.php(33): Magento\Cms\Controller\Adminhtml\Wysiwyg\Directive\Interceptor->Magento\Framework\Interception\{closure}(Object(Magento\Framework\App\Request\Http))
#15 /var/www/html/lib/internal/Magento/Framework/Interception/Interceptor.php(142): Magento\Backend\App\Action\Plugin\MassactionKey->aroundDispatch(Object(Magento\Cms\Controller\Adminhtml\Wysiwyg\Directive\Interceptor), Object(Closure), Object(Magento\Framework\App\Request\Http))
#16 /var/www/html/var/generation/Magento/Cms/Controller/Adminhtml/Wysiwyg/Directive/Interceptor.php(39): Magento\Cms\Controller\Adminhtml\Wysiwyg\Directive\Interceptor->___callPlugins('dispatch', Array, Array)
#17 /var/www/html/lib/internal/Magento/Framework/App/FrontController.php(55): Magento\Cms\Controller\Adminhtml\Wysiwyg\Directive\Interceptor->dispatch(Object(Magento\Framework\App\Request\Http))
#18 /var/www/html/lib/internal/Magento/Framework/Interception/Interceptor.php(74): Magento\Framework\App\FrontController->dispatch(Object(Magento\Framework\App\Request\Http))
#19 /var/www/html/lib/internal/Magento/Framework/Interception/Chain/Chain.php(70): Magento\Framework\App\FrontController\Interceptor->___callParent('dispatch', Array)
#20 /var/www/html/lib/internal/Magento/Framework/Interception/Interceptor.php(138): Magento\Framework\Interception\Chain\Chain->invokeNext('Magento\\Framewo...', 'dispatch', Object(Magento\Framework\App\FrontController\Interceptor), Array, 'install')
#21 /var/www/html/lib/internal/Magento/Framework/Module/Plugin/DbStatusValidator.php(69): Magento\Framework\App\FrontController\Interceptor->Magento\Framework\Interception\{closure}(Object(Magento\Framework\App\Request\Http))
#22 /var/www/html/lib/internal/Magento/Framework/Interception/Interceptor.php(142): Magento\Framework\Module\Plugin\DbStatusValidator->aroundDispatch(Object(Magento\Framework\App\FrontController\Interceptor), Object(Closure), Object(Magento\Framework\App\Request\Http))
#23 /var/www/html/var/generation/Magento/Framework/App/FrontController/Interceptor.php(26): Magento\Framework\App\FrontController\Interceptor->___callPlugins('dispatch', Array, Array)
#24 /var/www/html/lib/internal/Magento/Framework/App/Http.php(135): Magento\Framework\App\FrontController\Interceptor->dispatch(Object(Magento\Framework\App\Request\Http))
#25 /var/www/html/lib/internal/Magento/Framework/App/Bootstrap.php(258): Magento\Framework\App\Http->launch()
#26 /var/www/html/index.php(39): Magento\Framework\App\Bootstrap->run(Object(Magento\Framework\App\Http))
#27 {main} [] []
[2017-08-19 14:42:03] main.CRITICAL: Exception: Warning: getimagesize(pub/media/wysiwyg/610-490.png): failed to open stream: No such file or directory in /var/www/html/lib/internal/Magento/Framework/Image/Adapter/AbstractAdapter.php on line 304 in /var/www/html/lib/internal/Magento/Framework/App/ErrorHandler.php:61
Stack trace:
#0 [internal function]: Magento\Framework\App\ErrorHandler->handler(2, 'getimagesize(pu...', '/var/www/html/l...', 304, Array)
#1 /var/www/html/lib/internal/Magento/Framework/Image/Adapter/AbstractAdapter.php(304): getimagesize('pub/media/wysiw...')
#2 /var/www/html/lib/internal/Magento/Framework/Image/Adapter/AbstractAdapter.php(289): Magento\Framework\Image\Adapter\AbstractAdapter->getImageType()
#3 /var/www/html/lib/internal/Magento/Framework/Image/Adapter/Gd2.php(59): Magento\Framework\Image\Adapter\AbstractAdapter->getMimeType()
#4 /var/www/html/app/code/Magento/Cms/Controller/Adminhtml/Wysiwyg/Directive.php(53): Magento\Framework\Image\Adapter\Gd2->open('pub/media/wysiw...')
#5 /var/www/html/var/generation/Magento/Cms/Controller/Adminhtml/Wysiwyg/Directive/Interceptor.php(24): Magento\Cms\Controller\Adminhtml\Wysiwyg\Directive->execute()
#6 /var/www/html/lib/internal/Magento/Framework/App/Action/Action.php(102): Magento\Cms\Controller\Adminhtml\Wysiwyg\Directive\Interceptor->execute()
#7 /var/www/html/app/code/Magento/Backend/App/AbstractAction.php(226): Magento\Framework\App\Action\Action->dispatch(Object(Magento\Framework\App\Request\Http))
#8 /var/www/html/lib/internal/Magento/Framework/Interception/Interceptor.php(74): Magento\Backend\App\AbstractAction->dispatch(Object(Magento\Framework\App\Request\Http))
#9 /var/www/html/lib/internal/Magento/Framework/Interception/Chain/Chain.php(70): Magento\Cms\Controller\Adminhtml\Wysiwyg\Directive\Interceptor->___callParent('dispatch', Array)
#10 /var/www/html/lib/internal/Magento/Framework/Interception/Chain/Chain.php(63): Magento\Framework\Interception\Chain\Chain->invokeNext('Magento\\Cms\\Con...', 'dispatch', Object(Magento\Cms\Controller\Adminhtml\Wysiwyg\Directive\Interceptor), Array, 'adminAuthentica...')
#11 /var/www/html/app/code/Magento/Backend/App/Action/Plugin/Authentication.php(143): Magento\Framework\Interception\Chain\Chain->Magento\Framework\Interception\Chain\{closure}(Object(Magento\Framework\App\Request\Http))
#12 /var/www/html/lib/internal/Magento/Framework/Interception/Chain/Chain.php(67): Magento\Backend\App\Action\Plugin\Authentication->aroundDispatch(Object(Magento\Cms\Controller\Adminhtml\Wysiwyg\Directive\Interceptor), Object(Closure), Object(Magento\Framework\App\Request\Http))
#13 /var/www/html/lib/internal/Magento/Framework/Interception/Interceptor.php(138): Magento\Framework\Interception\Chain\Chain->invokeNext('Magento\\Cms\\Con...', 'dispatch', Object(Magento\Cms\Controller\Adminhtml\Wysiwyg\Directive\Interceptor), Array, 'adminMassaction...')
#14 /var/www/html/app/code/Magento/Backend/App/Action/Plugin/MassactionKey.php(33): Magento\Cms\Controller\Adminhtml\Wysiwyg\Directive\Interceptor->Magento\Framework\Interception\{closure}(Object(Magento\Framework\App\Request\Http))
#15 /var/www/html/lib/internal/Magento/Framework/Interception/Interceptor.php(142): Magento\Backend\App\Action\Plugin\MassactionKey->aroundDispatch(Object(Magento\Cms\Controller\Adminhtml\Wysiwyg\Directive\Interceptor), Object(Closure), Object(Magento\Framework\App\Request\Http))
#16 /var/www/html/var/generation/Magento/Cms/Controller/Adminhtml/Wysiwyg/Directive/Interceptor.php(39): Magento\Cms\Controller\Adminhtml\Wysiwyg\Directive\Interceptor->___callPlugins('dispatch', Array, Array)
#17 /var/www/html/lib/internal/Magento/Framework/App/FrontController.php(55): Magento\Cms\Controller\Adminhtml\Wysiwyg\Directive\Interceptor->dispatch(Object(Magento\Framework\App\Request\Http))
#18 /var/www/html/lib/internal/Magento/Framework/Interception/Interceptor.php(74): Magento\Framework\App\FrontController->dispatch(Object(Magento\Framework\App\Request\Http))
#19 /var/www/html/lib/internal/Magento/Framework/Interception/Chain/Chain.php(70): Magento\Framework\App\FrontController\Interceptor->___callParent('dispatch', Array)
#20 /var/www/html/lib/internal/Magento/Framework/Interception/Interceptor.php(138): Magento\Framework\Interception\Chain\Chain->invokeNext('Magento\\Framewo...', 'dispatch', Object(Magento\Framework\App\FrontController\Interceptor), Array, 'install')
#21 /var/www/html/lib/internal/Magento/Framework/Module/Plugin/DbStatusValidator.php(69): Magento\Framework\App\FrontController\Interceptor->Magento\Framework\Interception\{closure}(Object(Magento\Framework\App\Request\Http))
#22 /var/www/html/lib/internal/Magento/Framework/Interception/Interceptor.php(142): Magento\Framework\Module\Plugin\DbStatusValidator->aroundDispatch(Object(Magento\Framework\App\FrontController\Interceptor), Object(Closure), Object(Magento\Framework\App\Request\Http))
#23 /var/www/html/var/generation/Magento/Framework/App/FrontController/Interceptor.php(26): Magento\Framework\App\FrontController\Interceptor->___callPlugins('dispatch', Array, Array)
#24 /var/www/html/lib/internal/Magento/Framework/App/Http.php(135): Magento\Framework\App\FrontController\Interceptor->dispatch(Object(Magento\Framework\App\Request\Http))
#25 /var/www/html/lib/internal/Magento/Framework/App/Bootstrap.php(258): Magento\Framework\App\Http->launch()
#26 /var/www/html/index.php(39): Magento\Framework\App\Bootstrap->run(Object(Magento\Framework\App\Http))
#27 {main} [] []
[2017-08-19 14:42:06] main.CRITICAL: Exception: Warning: getimagesize(pub/media/wysiwyg/610-490.png): failed to open stream: No such file or directory in /var/www/html/lib/internal/Magento/Framework/Image/Adapter/AbstractAdapter.php on line 304 in /var/www/html/lib/internal/Magento/Framework/App/ErrorHandler.php:61
Stack trace:
#0 [internal function]: Magento\Framework\App\ErrorHandler->handler(2, 'getimagesize(pu...', '/var/www/html/l...', 304, Array)
#1 /var/www/html/lib/internal/Magento/Framework/Image/Adapter/AbstractAdapter.php(304): getimagesize('pub/media/wysiw...')
#2 /var/www/html/lib/internal/Magento/Framework/Image/Adapter/AbstractAdapter.php(289): Magento\Framework\Image\Adapter\AbstractAdapter->getImageType()
#3 /var/www/html/lib/internal/Magento/Framework/Image/Adapter/Gd2.php(59): Magento\Framework\Image\Adapter\AbstractAdapter->getMimeType()
#4 /var/www/html/app/code/Magento/Cms/Controller/Adminhtml/Wysiwyg/Directive.php(53): Magento\Framework\Image\Adapter\Gd2->open('pub/media/wysiw...')
#5 /var/www/html/var/generation/Magento/Cms/Controller/Adminhtml/Wysiwyg/Directive/Interceptor.php(24): Magento\Cms\Controller\Adminhtml\Wysiwyg\Directive->execute()
#6 /var/www/html/lib/internal/Magento/Framework/App/Action/Action.php(102): Magento\Cms\Controller\Adminhtml\Wysiwyg\Directive\Interceptor->execute()
#7 /var/www/html/app/code/Magento/Backend/App/AbstractAction.php(226): Magento\Framework\App\Action\Action->dispatch(Object(Magento\Framework\App\Request\Http))
#8 /var/www/html/lib/internal/Magento/Framework/Interception/Interceptor.php(74): Magento\Backend\App\AbstractAction->dispatch(Object(Magento\Framework\App\Request\Http))
#9 /var/www/html/lib/internal/Magento/Framework/Interception/Chain/Chain.php(70): Magento\Cms\Controller\Adminhtml\Wysiwyg\Directive\Interceptor->___callParent('dispatch', Array)
#10 /var/www/html/lib/internal/Magento/Framework/Interception/Chain/Chain.php(63): Magento\Framework\Interception\Chain\Chain->invokeNext('Magento\\Cms\\Con...', 'dispatch', Object(Magento\Cms\Controller\Adminhtml\Wysiwyg\Directive\Interceptor), Array, 'adminAuthentica...')
#11 /var/www/html/app/code/Magento/Backend/App/Action/Plugin/Authentication.php(143): Magento\Framework\Interception\Chain\Chain->Magento\Framework\Interception\Chain\{closure}(Object(Magento\Framework\App\Request\Http))
#12 /var/www/html/lib/internal/Magento/Framework/Interception/Chain/Chain.php(67): Magento\Backend\App\Action\Plugin\Authentication->aroundDispatch(Object(Magento\Cms\Controller\Adminhtml\Wysiwyg\Directive\Interceptor), Object(Closure), Object(Magento\Framework\App\Request\Http))
#13 /var/www/html/lib/internal/Magento/Framework/Interception/Interceptor.php(138): Magento\Framework\Interception\Chain\Chain->invokeNext('Magento\\Cms\\Con...', 'dispatch', Object(Magento\Cms\Controller\Adminhtml\Wysiwyg\Directive\Interceptor), Array, 'adminMassaction...')
#14 /var/www/html/app/code/Magento/Backend/App/Action/Plugin/MassactionKey.php(33): Magento\Cms\Controller\Adminhtml\Wysiwyg\Directive\Interceptor->Magento\Framework\Interception\{closure}(Object(Magento\Framework\App\Request\Http))
#15 /var/www/html/lib/internal/Magento/Framework/Interception/Interceptor.php(142): Magento\Backend\App\Action\Plugin\MassactionKey->aroundDispatch(Object(Magento\Cms\Controller\Adminhtml\Wysiwyg\Directive\Interceptor), Object(Closure), Object(Magento\Framework\App\Request\Http))
#16 /var/www/html/var/generation/Magento/Cms/Controller/Adminhtml/Wysiwyg/Directive/Interceptor.php(39): Magento\Cms\Controller\Adminhtml\Wysiwyg\Directive\Interceptor->___callPlugins('dispatch', Array, Array)
#17 /var/www/html/lib/internal/Magento/Framework/App/FrontController.php(55): Magento\Cms\Controller\Adminhtml\Wysiwyg\Directive\Interceptor->dispatch(Object(Magento\Framework\App\Request\Http))
#18 /var/www/html/lib/internal/Magento/Framework/Interception/Interceptor.php(74): Magento\Framework\App\FrontController->dispatch(Object(Magento\Framework\App\Request\Http))
#19 /var/www/html/lib/internal/Magento/Framework/Interception/Chain/Chain.php(70): Magento\Framework\App\FrontController\Interceptor->___callParent('dispatch', Array)
#20 /var/www/html/lib/internal/Magento/Framework/Interception/Interceptor.php(138): Magento\Framework\Interception\Chain\Chain->invokeNext('Magento\\Framewo...', 'dispatch', Object(Magento\Framework\App\FrontController\Interceptor), Array, 'install')
#21 /var/www/html/lib/internal/Magento/Framework/Module/Plugin/DbStatusValidator.php(69): Magento\Framework\App\FrontController\Interceptor->Magento\Framework\Interception\{closure}(Object(Magento\Framework\App\Request\Http))
#22 /var/www/html/lib/internal/Magento/Framework/Interception/Interceptor.php(142): Magento\Framework\Module\Plugin\DbStatusValidator->aroundDispatch(Object(Magento\Framework\App\FrontController\Interceptor), Object(Closure), Object(Magento\Framework\App\Request\Http))
#23 /var/www/html/var/generation/Magento/Framework/App/FrontController/Interceptor.php(26): Magento\Framework\App\FrontController\Interceptor->___callPlugins('dispatch', Array, Array)
#24 /var/www/html/lib/internal/Magento/Framework/App/Http.php(135): Magento\Framework\App\FrontController\Interceptor->dispatch(Object(Magento\Framework\App\Request\Http))
#25 /var/www/html/lib/internal/Magento/Framework/App/Bootstrap.php(258): Magento\Framework\App\Http->launch()
#26 /var/www/html/index.php(39): Magento\Framework\App\Bootstrap->run(Object(Magento\Framework\App\Http))
#27 {main} [] []
[2017-08-19 14:42:20] main.CRITICAL: Exception: Warning: getimagesize(pub/media/wysiwyg/610x490.png): failed to open stream: No such file or directory in /var/www/html/lib/internal/Magento/Framework/Image/Adapter/AbstractAdapter.php on line 304 in /var/www/html/lib/internal/Magento/Framework/App/ErrorHandler.php:61
Stack trace:
#0 [internal function]: Magento\Framework\App\ErrorHandler->handler(2, 'getimagesize(pu...', '/var/www/html/l...', 304, Array)
#1 /var/www/html/lib/internal/Magento/Framework/Image/Adapter/AbstractAdapter.php(304): getimagesize('pub/media/wysiw...')
#2 /var/www/html/lib/internal/Magento/Framework/Image/Adapter/AbstractAdapter.php(289): Magento\Framework\Image\Adapter\AbstractAdapter->getImageType()
#3 /var/www/html/lib/internal/Magento/Framework/Image/Adapter/Gd2.php(59): Magento\Framework\Image\Adapter\AbstractAdapter->getMimeType()
#4 /var/www/html/app/code/Magento/Cms/Controller/Adminhtml/Wysiwyg/Directive.php(53): Magento\Framework\Image\Adapter\Gd2->open('pub/media/wysiw...')
#5 /var/www/html/var/generation/Magento/Cms/Controller/Adminhtml/Wysiwyg/Directive/Interceptor.php(24): Magento\Cms\Controller\Adminhtml\Wysiwyg\Directive->execute()
#6 /var/www/html/lib/internal/Magento/Framework/App/Action/Action.php(102): Magento\Cms\Controller\Adminhtml\Wysiwyg\Directive\Interceptor->execute()
#7 /var/www/html/app/code/Magento/Backend/App/AbstractAction.php(226): Magento\Framework\App\Action\Action->dispatch(Object(Magento\Framework\App\Request\Http))
#8 /var/www/html/lib/internal/Magento/Framework/Interception/Interceptor.php(74): Magento\Backend\App\AbstractAction->dispatch(Object(Magento\Framework\App\Request\Http))
#9 /var/www/html/lib/internal/Magento/Framework/Interception/Chain/Chain.php(70): Magento\Cms\Controller\Adminhtml\Wysiwyg\Directive\Interceptor->___callParent('dispatch', Array)
#10 /var/www/html/lib/internal/Magento/Framework/Interception/Chain/Chain.php(63): Magento\Framework\Interception\Chain\Chain->invokeNext('Magento\\Cms\\Con...', 'dispatch', Object(Magento\Cms\Controller\Adminhtml\Wysiwyg\Directive\Interceptor), Array, 'adminAuthentica...')
#11 /var/www/html/app/code/Magento/Backend/App/Action/Plugin/Authentication.php(143): Magento\Framework\Interception\Chain\Chain->Magento\Framework\Interception\Chain\{closure}(Object(Magento\Framework\App\Request\Http))
#12 /var/www/html/lib/internal/Magento/Framework/Interception/Chain/Chain.php(67): Magento\Backend\App\Action\Plugin\Authentication->aroundDispatch(Object(Magento\Cms\Controller\Adminhtml\Wysiwyg\Directive\Interceptor), Object(Closure), Object(Magento\Framework\App\Request\Http))
#13 /var/www/html/lib/internal/Magento/Framework/Interception/Interceptor.php(138): Magento\Framework\Interception\Chain\Chain->invokeNext('Magento\\Cms\\Con...', 'dispatch', Object(Magento\Cms\Controller\Adminhtml\Wysiwyg\Directive\Interceptor), Array, 'adminMassaction...')
#14 /var/www/html/app/code/Magento/Backend/App/Action/Plugin/MassactionKey.php(33): Magento\Cms\Controller\Adminhtml\Wysiwyg\Directive\Interceptor->Magento\Framework\Interception\{closure}(Object(Magento\Framework\App\Request\Http))
#15 /var/www/html/lib/internal/Magento/Framework/Interception/Interceptor.php(142): Magento\Backend\App\Action\Plugin\MassactionKey->aroundDispatch(Object(Magento\Cms\Controller\Adminhtml\Wysiwyg\Directive\Interceptor), Object(Closure), Object(Magento\Framework\App\Request\Http))
#16 /var/www/html/var/generation/Magento/Cms/Controller/Adminhtml/Wysiwyg/Directive/Interceptor.php(39): Magento\Cms\Controller\Adminhtml\Wysiwyg\Directive\Interceptor->___callPlugins('dispatch', Array, Array)
#17 /var/www/html/lib/internal/Magento/Framework/App/FrontController.php(55): Magento\Cms\Controller\Adminhtml\Wysiwyg\Directive\Interceptor->dispatch(Object(Magento\Framework\App\Request\Http))
#18 /var/www/html/lib/internal/Magento/Framework/Interception/Interceptor.php(74): Magento\Framework\App\FrontController->dispatch(Object(Magento\Framework\App\Request\Http))
#19 /var/www/html/lib/internal/Magento/Framework/Interception/Chain/Chain.php(70): Magento\Framework\App\FrontController\Interceptor->___callParent('dispatch', Array)
#20 /var/www/html/lib/internal/Magento/Framework/Interception/Interceptor.php(138): Magento\Framework\Interception\Chain\Chain->invokeNext('Magento\\Framewo...', 'dispatch', Object(Magento\Framework\App\FrontController\Interceptor), Array, 'install')
#21 /var/www/html/lib/internal/Magento/Framework/Module/Plugin/DbStatusValidator.php(69): Magento\Framework\App\FrontController\Interceptor->Magento\Framework\Interception\{closure}(Object(Magento\Framework\App\Request\Http))
#22 /var/www/html/lib/internal/Magento/Framework/Interception/Interceptor.php(142): Magento\Framework\Module\Plugin\DbStatusValidator->aroundDispatch(Object(Magento\Framework\App\FrontController\Interceptor), Object(Closure), Object(Magento\Framework\App\Request\Http))
#23 /var/www/html/var/generation/Magento/Framework/App/FrontController/Interceptor.php(26): Magento\Framework\App\FrontController\Interceptor->___callPlugins('dispatch', Array, Array)
#24 /var/www/html/lib/internal/Magento/Framework/App/Http.php(135): Magento\Framework\App\FrontController\Interceptor->dispatch(Object(Magento\Framework\App\Request\Http))
#25 /var/www/html/lib/internal/Magento/Framework/App/Bootstrap.php(258): Magento\Framework\App\Http->launch()
#26 /var/www/html/index.php(39): Magento\Framework\App\Bootstrap->run(Object(Magento\Framework\App\Http))
#27 {main} [] []
